berthin@voronoi:~/Documents/git-repo/source-code/event-detection$ python run_classification_kth_canny.py < a2.in
orientations: pixels_per_cell: cells_per_block: n_patterns_per_video: type_svm:              precision    recall  f1-score   support

        0.0       0.89      0.71      0.79        68
        1.0       0.69      0.51      0.59        72
        2.0       0.46      1.00      0.63        25
        3.0       0.94      1.00      0.97        51

avg / total       0.78      0.75      0.75       216

accuracy:  0.74537037037
berthin@voronoi:~/Documents/git-repo/source-code/event-detection$ python run_classification_kth_canny.py < a4.in
orientations: pixels_per_cell: cells_per_block: n_patterns_per_video: type_svm:              precision    recall  f1-score   support

        0.0       0.89      0.71      0.79        68
        1.0       0.69      0.51      0.59        72
        2.0       0.46      1.00      0.63        25
        3.0       0.94      1.00      0.97        51

avg / total       0.78      0.75      0.75       216

accuracy:  0.74537037037
berthin@voronoi:~/Documents/git-repo/source-code/event-detection$ python run_classification_kth_canny.py < a6.in
orientations: pixels_per_cell: cells_per_block: n_patterns_per_video: type_svm:              precision    recall  f1-score   support

        0.0       0.83      0.76      0.80        59
        1.0       0.80      0.50      0.61        86
        2.0       0.37      1.00      0.54        20
        3.0       0.94      1.00      0.97        51

avg / total       0.80      0.74      0.74       216

accuracy:  0.736111111111
berthin@voronoi:~/Documents/git-repo/source-code/event-detection$ python run_classification_kth_canny.py < a8.in
orientations: pixels_per_cell: cells_per_block: n_patterns_per_video: type_svm:              precision    recall  f1-score   support

        0.0       0.74      0.67      0.70        60
        1.0       0.69      0.51      0.58        73
        2.0       0.48      0.93      0.63        28
        3.0       0.96      0.95      0.95        55

avg / total       0.74      0.72      0.72       216

accuracy:  0.717592592593
berthin@voronoi:~/Documents/git-repo/source-code/event-detection$ python run_classification_kth_canny.py < a10.in
orientations: pixels_per_cell: cells_per_block: n_patterns_per_video: type_svm:              precision    recall  f1-score   support

        0.0       0.83      0.76      0.80        59
        1.0       0.80      0.50      0.61        86
        2.0       0.37      1.00      0.54        20
        3.0       0.94      1.00      0.97        51

avg / total       0.80      0.74      0.74       216

accuracy:  0.736111111111
berthin@voronoi:~/Documents/git-repo/source-code/event-detection$ python run_classification_kth_canny.py < a12.in
orientations: pixels_per_cell: cells_per_block: n_patterns_per_video: type_svm:              precision    recall  f1-score   support

        0.0       0.74      0.67      0.70        60
        1.0       0.69      0.51      0.58        73
        2.0       0.48      0.93      0.63        28
        3.0       0.96      0.95      0.95        55

avg / total       0.74      0.72      0.72       216

accuracy:  0.717592592593
berthin@voronoi:~/Documents/git-repo/source-code/event-detection$ python run_classification_kth_canny.py < a14.in
orientations: pixels_per_cell: cells_per_block: n_patterns_per_video: type_svm:              precision    recall  f1-score   support

        0.0       0.69      0.71      0.70        52
        1.0       0.63      0.45      0.52        76
        2.0       0.39      0.81      0.53        26
        3.0       1.00      0.87      0.93        62

avg / total       0.72      0.68      0.68       216

accuracy:  0.675925925926
berthin@voronoi:~/Documents/git-repo/source-code/event-detection$ python run_classification_kth_canny.py < a16.in
orientations: pixels_per_cell: cells_per_block: n_patterns_per_video: type_svm:              precision    recall  f1-score   support

        0.0       0.81      0.74      0.77       118
        1.0       0.72      0.52      0.60       151
        2.0       0.45      0.91      0.60        54
        3.0       0.97      0.96      0.97       109

avg / total       0.77      0.74      0.74       432

accuracy:  0.738425925926
berthin@voronoi:~/Documents/git-repo/source-code/event-detection$ python run_classification_kth_canny.py < a5.in
orientations: pixels_per_cell: cells_per_block: n_patterns_per_video: type_svm:              precision    recall  f1-score   support

        0.0       0.85      0.72      0.78       127
        1.0       0.77      0.56      0.65       148
        2.0       0.46      0.94      0.62        53
        3.0       0.96      1.00      0.98       104

avg / total       0.80      0.76      0.76       432

accuracy:  0.761574074074
berthin@voronoi:~/Documents/git-repo/source-code/event-detection$ python run_classification_kth_canny.py < a3.in
orientations: pixels_per_cell: cells_per_block: n_patterns_per_video: type_svm:              precision    recall  f1-score   support

        0.0       0.81      0.69      0.75       127
        1.0       0.73      0.65      0.69       122
        2.0       0.63      0.97      0.76        70
        3.0       0.99      0.95      0.97       113

avg / total       0.81      0.79      0.79       432

accuracy:  0.791666666667
berthin@voronoi:~/Documents/git-repo/source-code/event-detection$
