  1 berthin@bezier:~/Documents/git-repo/source-code/event-detection$ python run_classification_kth_canny.py < a5.in
  2 orientations: pixels_per_cell: cells_per_block: n_patterns_per_video: type_svm:              precision    recall  f1-score
    support
  3
  4         0.0       0.85      0.72      0.78       127
  5         1.0       0.77      0.56      0.65       148
  6         2.0       0.46      0.94      0.62        53
  7         3.0       0.96      1.00      0.98       104
  8
  9 avg / total       0.80      0.76      0.76       432
 10
 11 accuracy:  0.761574074074
 12 berthin@bezier:~/Documents/git-repo/source-code/event-detection$ python run_classification_kth_canny.py < a7.in
 13 orientations: pixels_per_cell: cells_per_block: n_patterns_per_video: type_svm:              precision    recall  f1-score
    support
 14
 15         0.0       0.81      0.74      0.77       118
 16         1.0       0.72      0.52      0.60       151
 17         2.0       0.45      0.91      0.60        54
 18         3.0       0.97      0.96      0.97       109
 19
 20 avg / total       0.77      0.74      0.74       432
 21
 22 accuracy:  0.738425925926
 23 berthin@bezier:~/Documents/git-repo/source-code/event-detection$ python run_classification_kth_canny.py < a9.in
 24 orientations: pixels_per_cell: cells_per_block: n_patterns_per_video: type_svm:              precision    recall  f1-score
    support
 25
 26         0.0       0.85      0.72      0.78       127
 27         1.0       0.77      0.56      0.65       148
 28         2.0       0.46      0.94      0.62        53
 29         3.0       0.96      1.00      0.98       104
 30
 31 avg / total       0.80      0.76      0.76       432
 32
 33 accuracy:  0.761574074074
 34 berthin@bezier:~/Documents/git-repo/source-code/event-detection$ python run_classification_kth_canny.py < a11.in
 35 orientations: pixels_per_cell: cells_per_block: n_patterns_per_video: type_svm:              precision    recall  f1-score
    support
 36
 37         0.0       0.81      0.74      0.77       118
 38         1.0       0.72      0.52      0.60       151
 39         2.0       0.45      0.91      0.60        54
 40         3.0       0.97      0.96      0.97       109
 41
 42 avg / total       0.77      0.74      0.74       432
 43
 44 accuracy:  0.738425925926
 45 berthin@bezier:~/Documents/git-repo/source-code/event-detection$ python run_classification_kth_canny.py < a13.in
 46 orientations: pixels_per_cell: cells_per_block: n_patterns_per_video: type_svm:              precision    recall  f1-score
    support
 47
 48         0.0       0.74      0.67      0.70        60
 49         1.0       0.69      0.51      0.58        73
 50         2.0       0.48      0.93      0.63        28
 51         3.0       0.96      0.95      0.95        55
 52
 53 avg / total       0.74      0.72      0.72       216
 54
 + ~/ans_svm_canny_bw_odd.in
 55 accuracy:  0.717592592593
 56 berthin@bezier:~/Documents/git-repo/source-code/event-detection$ python run_classification_kth_canny.py < a15.in
 57 orientations: pixels_per_cell: cells_per_block: n_patterns_per_video: type_svm:              precision    recall  f1-score
    support
 58
 59         0.0       0.81      0.71      0.76       122
 60         1.0       0.66      0.55      0.60       129
 61         2.0       0.57      0.89      0.70        70
 62         3.0       0.98      0.95      0.97       111
 63
 64 avg / total       0.77      0.75      0.75       432
 65
 66 accuracy:  0.75462962963
~
 ~/ans_svm_canny_bw_odd.in[+]   CWD: /home/berthin/Documents/git-repo/source-code/event-detection   Line: 66
"~/ans_svm_canny_bw_odd.in" 66L, 3236C written

berthin@bezier:~/Documents/git-repo/source-code/event-detection$ python run_classification_kth_canny.py < a17.in
orientations: pixels_per_cell: cells_per_block: n_patterns_per_video: type_svm:              precision    recall  f1-score   support

        0.0       0.79      0.73      0.76       116
        1.0       0.78      0.60      0.67       141
        2.0       0.56      1.00      0.71        60
        3.0       1.00      0.94      0.97       115

avg / total       0.81      0.78      0.78       432

accuracy:  0.780092592593
berthin@bezier:~/Documents/git-repo/source-code/event-detection$
berthin@bezier:~/Documents/git-repo/source-code/event-detection$
